[2020-01-23 18:12:13] local.ERROR: SQLSTATE[42S22]: Column not found: 1054 Unknown column 'modules' in 'field list' (SQL: insert into `unity_categories` (`unity`, `order`, `description`, `modules`, `status`, `updated_at`, `created_at`) values (1, 1, Resort, ["HOTEL"], 1, 2020-01-23 18:12:13, 2020-01-23 18:12:13)) {"exception":"[object] (Illuminate\\Database\\QueryException(code: 42S22): SQLSTATE[42S22]: Column not found: 1054 Unknown column 'modules' in 'field list' (SQL: insert into `unity_categories` (`unity`, `order`, `description`, `modules`, `status`, `updated_at`, `created_at`) values (1, 1, Resort, [\"HOTEL\"], 1, 2020-01-23 18:12:13, 2020-01-23 18:12:13)) at D:\\7Cliques\\Projetos\\SoulPetResorts\\laravel\\vendor\\laravel\\framework\\src\\Illuminate\\Database\\Connection.php:665)
[stacktrace]
#0 D:\\7Cliques\\Projetos\\SoulPetResorts\\laravel\\vendor\\laravel\\framework\\src\\Illuminate\\Database\\Connection.php(625): Illuminate\\Database\\Connection->runQueryCallback('insert into `un...', Array, Object(Closure))
#1 D:\\7Cliques\\Projetos\\SoulPetResorts\\laravel\\vendor\\laravel\\framework\\src\\Illuminate\\Database\\Connection.php(460): Illuminate\\Database\\Connection->run('insert into `un...', Array, Object(Closure))
#2 D:\\7Cliques\\Projetos\\SoulPetResorts\\laravel\\vendor\\laravel\\framework\\src\\Illuminate\\Database\\Connection.php(412): Illuminate\\Database\\Connection->statement('insert into `un...', Array)
#3 D:\\7Cliques\\Projetos\\SoulPetResorts\\laravel\\vendor\\laravel\\framework\\src\\Illuminate\\Database\\Query\\Processors\\Processor.php(32): Illuminate\\Database\\Connection->insert('insert into `un...', Array)
#4 D:\\7Cliques\\Projetos\\SoulPetResorts\\laravel\\vendor\\laravel\\framework\\src\\Illuminate\\Database\\Query\\Builder.php(2670): Illuminate\\Database\\Query\\Processors\\Processor->processInsertGetId(Object(Illuminate\\Database\\Query\\Builder), 'insert into `un...', Array, 'id')
#5 D:\\7Cliques\\Projetos\\SoulPetResorts\\laravel\\vendor\\laravel\\framework\\src\\Illuminate\\Database\\Eloquent\\Builder.php(1350): Illuminate\\Database\\Query\\Builder->insertGetId(Array, 'id')
#6 D:\\7Cliques\\Projetos\\SoulPetResorts\\laravel\\vendor\\laravel\\framework\\src\\Illuminate\\Database\\Eloquent\\Model.php(839): Illuminate\\Database\\Eloquent\\Builder->__call('insertGetId', Array)
#7 D:\\7Cliques\\Projetos\\SoulPetResorts\\laravel\\vendor\\laravel\\framework\\src\\Illuminate\\Database\\Eloquent\\Model.php(804): Illuminate\\Database\\Eloquent\\Model->insertAndSetId(Object(Illuminate\\Database\\Eloquent\\Builder), Array)
#8 D:\\7Cliques\\Projetos\\SoulPetResorts\\laravel\\vendor\\laravel\\framework\\src\\Illuminate\\Database\\Eloquent\\Model.php(667): Illuminate\\Database\\Eloquent\\Model->performInsert(Object(Illuminate\\Database\\Eloquent\\Builder))
#9 D:\\7Cliques\\Projetos\\SoulPetResorts\\laravel\\vendor\\laravel\\framework\\src\\Illuminate\\Database\\Eloquent\\Builder.php(749): Illuminate\\Database\\Eloquent\\Model->save()
#10 D:\\7Cliques\\Projetos\\SoulPetResorts\\laravel\\vendor\\laravel\\framework\\src\\Illuminate\\Support\\helpers.php(422): Illuminate\\Database\\Eloquent\\Builder->Illuminate\\Database\\Eloquent\\{closure}(Object(App\\Models\\UnityCategory))
#11 D:\\7Cliques\\Projetos\\SoulPetResorts\\laravel\\vendor\\laravel\\framework\\src\\Illuminate\\Database\\Eloquent\\Builder.php(750): tap(Object(App\\Models\\UnityCategory), Object(Closure))
#12 D:\\7Cliques\\Projetos\\SoulPetResorts\\laravel\\vendor\\laravel\\framework\\src\\Illuminate\\Support\\Traits\\ForwardsCalls.php(23): Illuminate\\Database\\Eloquent\\Builder->create(Array)
#13 D:\\7Cliques\\Projetos\\SoulPetResorts\\laravel\\vendor\\laravel\\framework\\src\\Illuminate\\Database\\Eloquent\\Model.php(1618): Illuminate\\Database\\Eloquent\\Model->forwardCallTo(Object(Illuminate\\Database\\Eloquent\\Builder), 'create', Array)
#14 D:\\7Cliques\\Projetos\\SoulPetResorts\\laravel\\vendor\\laravel\\framework\\src\\Illuminate\\Database\\Eloquent\\Model.php(1630): Illuminate\\Database\\Eloquent\\Model->__call('create', Array)
#15 D:\\7Cliques\\Projetos\\SoulPetResorts\\laravel\\database\\seeds\\Unity\\UnityCategoryTableSeeder.php(16): Illuminate\\Database\\Eloquent\\Model::__callStatic('create', Array)
#16 [internal function]: UnityCategoryTableSeeder->run()
#17 D:\\7Cliques\\Projetos\\SoulPetResorts\\laravel\\vendor\\laravel\\framework\\src\\Illuminate\\Container\\BoundMethod.php(32): call_user_func_array(Array, Array)
#18 D:\\7Cliques\\Projetos\\SoulPetResorts\\laravel\\vendor\\laravel\\framework\\src\\Illuminate\\Container\\Util.php(34): Illuminate\\Container\\BoundMethod::Illuminate\\Container\\{closure}()
#19 D:\\7Cliques\\Projetos\\SoulPetResorts\\laravel\\vendor\\laravel\\framework\\src\\Illuminate\\Container\\BoundMethod.php(90): Illuminate\\Container\\Util::unwrapIfClosure(Object(Closure))
#20 D:\\7Cliques\\Projetos\\SoulPetResorts\\laravel\\vendor\\laravel\\framework\\src\\Illuminate\\Container\\BoundMethod.php(34): Illuminate\\Container\\BoundMethod::callBoundMethod(Object(Illuminate\\Foundation\\Application), Array, Object(Closure))
#21 D:\\7Cliques\\Projetos\\SoulPetResorts\\laravel\\vendor\\laravel\\framework\\src\\Illuminate\\Container\\Container.php(590): Illuminate\\Container\\BoundMethod::call(Object(Illuminate\\Foundation\\Application), Array, Array, NULL)
#22 D:\\7Cliques\\Projetos\\SoulPetResorts\\laravel\\vendor\\laravel\\framework\\src\\Illuminate\\Database\\Seeder.php(134): Illuminate\\Container\\Container->call(Array)
#23 D:\\7Cliques\\Projetos\\SoulPetResorts\\laravel\\vendor\\laravel\\framework\\src\\Illuminate\\Database\\Seeder.php(48): Illuminate\\Database\\Seeder->__invoke()
#24 D:\\7Cliques\\Projetos\\SoulPetResorts\\laravel\\database\\seeds\\DatabaseSeeder.php(16): Illuminate\\Database\\Seeder->call('UnityCategoryTa...')
#25 [internal function]: DatabaseSeeder->run()
#26 D:\\7Cliques\\Projetos\\SoulPetResorts\\laravel\\vendor\\laravel\\framework\\src\\Illuminate\\Container\\BoundMethod.php(32): call_user_func_array(Array, Array)
#27 D:\\7Cliques\\Projetos\\SoulPetResorts\\laravel\\vendor\\laravel\\framework\\src\\Illuminate\\Container\\Util.php(34): Illuminate\\Container\\BoundMethod::Illuminate\\Container\\{closure}()
#28 D:\\7Cliques\\Projetos\\SoulPetResorts\\laravel\\vendor\\laravel\\framework\\src\\Illuminate\\Container\\BoundMethod.php(90): Illuminate\\Container\\Util::unwrapIfClosure(Object(Closure))
#29 D:\\7Cliques\\Projetos\\SoulPetResorts\\laravel\\vendor\\laravel\\framework\\src\\Illuminate\\Container\\BoundMethod.php(34): Illuminate\\Container\\BoundMethod::callBoundMethod(Object(Illuminate\\Foundation\\Application), Array, Object(Closure))
#30 D:\\7Cliques\\Projetos\\SoulPetResorts\\laravel\\vendor\\laravel\\framework\\src\\Illuminate\\Container\\Container.php(590): Illuminate\\Container\\BoundMethod::call(Object(Illuminate\\Foundation\\Application), Array, Array, NULL)
#31 D:\\7Cliques\\Projetos\\SoulPetResorts\\laravel\\vendor\\laravel\\framework\\src\\Illuminate\\Database\\Seeder.php(134): Illuminate\\Container\\Container->call(Array)
#32 D:\\7Cliques\\Projetos\\SoulPetResorts\\laravel\\vendor\\laravel\\framework\\src\\Illuminate\\Database\\Console\\Seeds\\SeedCommand.php(63): Illuminate\\Database\\Seeder->__invoke()
#33 D:\\7Cliques\\Projetos\\SoulPetResorts\\laravel\\vendor\\laravel\\framework\\src\\Illuminate\\Database\\Eloquent\\Concerns\\GuardsAttributes.php(122): Illuminate\\Database\\Console\\Seeds\\SeedCommand->Illuminate\\Database\\Console\\Seeds\\{closure}()
#34 D:\\7Cliques\\Projetos\\SoulPetResorts\\laravel\\vendor\\laravel\\framework\\src\\Illuminate\\Database\\Console\\Seeds\\SeedCommand.php(64): Illuminate\\Database\\Eloquent\\Model::unguarded(Object(Closure))
#35 [internal function]: Illuminate\\Database\\Console\\Seeds\\SeedCommand->handle()
#36 D:\\7Cliques\\Projetos\\SoulPetResorts\\laravel\\vendor\\laravel\\framework\\src\\Illuminate\\Container\\BoundMethod.php(32): call_user_func_array(Array, Array)
#37 D:\\7Cliques\\Projetos\\SoulPetResorts\\laravel\\vendor\\laravel\\framework\\src\\Illuminate\\Container\\Util.php(34): Illuminate\\Container\\BoundMethod::Illuminate\\Container\\{closure}()
#38 D:\\7Cliques\\Projetos\\SoulPetResorts\\laravel\\vendor\\laravel\\framework\\src\\Illuminate\\Container\\BoundMethod.php(90): Illuminate\\Container\\Util::unwrapIfClosure(Object(Closure))
#39 D:\\7Cliques\\Projetos\\SoulPetResorts\\laravel\\vendor\\laravel\\framework\\src\\Illuminate\\Container\\BoundMethod.php(34): Illuminate\\Container\\BoundMethod::callBoundMethod(Object(Illuminate\\Foundation\\Application), Array, Object(Closure))
#40 D:\\7Cliques\\Projetos\\SoulPetResorts\\laravel\\vendor\\laravel\\framework\\src\\Illuminate\\Container\\Container.php(590): Illuminate\\Container\\BoundMethod::call(Object(Illuminate\\Foundation\\Application), Array, Array, NULL)
#41 D:\\7Cliques\\Projetos\\SoulPetResorts\\laravel\\vendor\\laravel\\framework\\src\\Illuminate\\Console\\Command.php(202): Illuminate\\Container\\Container->call(Array)
#42 D:\\7Cliques\\Projetos\\SoulPetResorts\\laravel\\vendor\\symfony\\console\\Command\\Command.php(255): Illuminate\\Console\\Command->execute(Object(Symfony\\Component\\Console\\Input\\ArrayInput), Object(Illuminate\\Console\\OutputStyle))
#43 D:\\7Cliques\\Projetos\\SoulPetResorts\\laravel\\vendor\\laravel\\framework\\src\\Illuminate\\Console\\Command.php(189): Symfony\\Component\\Console\\Command\\Command->run(Object(Symfony\\Component\\Console\\Input\\ArrayInput), Object(Illuminate\\Console\\OutputStyle))
#44 D:\\7Cliques\\Projetos\\SoulPetResorts\\laravel\\vendor\\laravel\\framework\\src\\Illuminate\\Console\\Command.php(242): Illuminate\\Console\\Command->run(Object(Symfony\\Component\\Console\\Input\\ArrayInput), Object(Illuminate\\Console\\OutputStyle))
#45 D:\\7Cliques\\Projetos\\SoulPetResorts\\laravel\\vendor\\laravel\\framework\\src\\Illuminate\\Console\\Command.php(214): Illuminate\\Console\\Command->runCommand('db:seed', Array, Object(Illuminate\\Console\\OutputStyle))
#46 D:\\7Cliques\\Projetos\\SoulPetResorts\\laravel\\vendor\\laravel\\framework\\src\\Illuminate\\Database\\Console\\Migrations\\MigrateCommand.php(78): Illuminate\\Console\\Command->call('db:seed', Array)
#47 [internal function]: Illuminate\\Database\\Console\\Migrations\\MigrateCommand->handle()
#48 D:\\7Cliques\\Projetos\\SoulPetResorts\\laravel\\vendor\\laravel\\framework\\src\\Illuminate\\Container\\BoundMethod.php(32): call_user_func_array(Array, Array)
#49 D:\\7Cliques\\Projetos\\SoulPetResorts\\laravel\\vendor\\laravel\\framework\\src\\Illuminate\\Container\\Util.php(34): Illuminate\\Container\\BoundMethod::Illuminate\\Container\\{closure}()
#50 D:\\7Cliques\\Projetos\\SoulPetResorts\\laravel\\vendor\\laravel\\framework\\src\\Illuminate\\Container\\BoundMethod.php(90): Illuminate\\Container\\Util::unwrapIfClosure(Object(Closure))
#51 D:\\7Cliques\\Projetos\\SoulPetResorts\\laravel\\vendor\\laravel\\framework\\src\\Illuminate\\Container\\BoundMethod.php(34): Illuminate\\Container\\BoundMethod::callBoundMethod(Object(Illuminate\\Foundation\\Application), Array, Object(Closure))
#52 D:\\7Cliques\\Projetos\\SoulPetResorts\\laravel\\vendor\\laravel\\framework\\src\\Illuminate\\Container\\Container.php(590): Illuminate\\Container\\BoundMethod::call(Object(Illuminate\\Foundation\\Application), Array, Array, NULL)
#53 D:\\7Cliques\\Projetos\\SoulPetResorts\\laravel\\vendor\\laravel\\framework\\src\\Illuminate\\Console\\Command.php(202): Illuminate\\Container\\Container->call(Array)
#54 D:\\7Cliques\\Projetos\\SoulPetResorts\\laravel\\vendor\\symfony\\console\\Command\\Command.php(255): Illuminate\\Console\\Command->execute(Object(Symfony\\Component\\Console\\Input\\ArgvInput), Object(Illuminate\\Console\\OutputStyle))
#55 D:\\7Cliques\\Projetos\\SoulPetResorts\\laravel\\vendor\\laravel\\framework\\src\\Illuminate\\Console\\Command.php(189): Symfony\\Component\\Console\\Command\\Command->run(Object(Symfony\\Component\\Console\\Input\\ArgvInput), Object(Illuminate\\Console\\OutputStyle))
#56 D:\\7Cliques\\Projetos\\SoulPetResorts\\laravel\\vendor\\symfony\\console\\Application.php(934): Illuminate\\Console\\Command->run(Object(Symfony\\Component\\Console\\Input\\ArgvInput), Object(Symfony\\Component\\Console\\Output\\ConsoleOutput))
#57 D:\\7Cliques\\Projetos\\SoulPetResorts\\laravel\\vendor\\symfony\\console\\Application.php(273): Symfony\\Component\\Console\\Application->doRunCommand(Object(Illuminate\\Database\\Console\\Migrations\\MigrateCommand), Object(Symfony\\Component\\Console\\Input\\ArgvInput), Object(Symfony\\Component\\Console\\Output\\ConsoleOutput))
#58 D:\\7Cliques\\Projetos\\SoulPetResorts\\laravel\\vendor\\symfony\\console\\Application.php(149): Symfony\\Component\\Console\\Application->doRun(Object(Symfony\\Component\\Console\\Input\\ArgvInput), Object(Symfony\\Component\\Console\\Output\\ConsoleOutput))
#59 D:\\7Cliques\\Projetos\\SoulPetResorts\\laravel\\vendor\\laravel\\framework\\src\\Illuminate\\Console\\Application.php(90): Symfony\\Component\\Console\\Application->run(Object(Symfony\\Component\\Console\\Input\\ArgvInput), Object(Symfony\\Component\\Console\\Output\\ConsoleOutput))
#60 D:\\7Cliques\\Projetos\\SoulPetResorts\\laravel\\vendor\\laravel\\framework\\src\\Illuminate\\Foundation\\Console\\Kernel.php(131): Illuminate\\Console\\Application->run(Object(Symfony\\Component\\Console\\Input\\ArgvInput), Object(Symfony\\Component\\Console\\Output\\ConsoleOutput))
#61 D:\\7Cliques\\Projetos\\SoulPetResorts\\laravel\\artisan(37): Illuminate\\Foundation\\Console\\Kernel->handle(Object(Symfony\\Component\\Console\\Input\\ArgvInput), Object(Symfony\\Component\\Console\\Output\\ConsoleOutput))
#62 {main}

[previous exception] [object] (PDOException(code: 42S22): SQLSTATE[42S22]: Column not found: 1054 Unknown column 'modules' in 'field list' at D:\\7Cliques\\Projetos\\SoulPetResorts\\laravel\\vendor\\laravel\\framework\\src\\Illuminate\\Database\\Connection.php:453)
[stacktrace]
#0 D:\\7Cliques\\Projetos\\SoulPetResorts\\laravel\\vendor\\laravel\\framework\\src\\Illuminate\\Database\\Connection.php(453): PDO->prepare('insert into `un...')
#1 D:\\7Cliques\\Projetos\\SoulPetResorts\\laravel\\vendor\\laravel\\framework\\src\\Illuminate\\Database\\Connection.php(658): Illuminate\\Database\\Connection->Illuminate\\Database\\{closure}('insert into `un...', Array)
#2 D:\\7Cliques\\Projetos\\SoulPetResorts\\laravel\\vendor\\laravel\\framework\\src\\Illuminate\\Database\\Connection.php(625): Illuminate\\Database\\Connection->runQueryCallback('insert into `un...', Array, Object(Closure))
#3 D:\\7Cliques\\Projetos\\SoulPetResorts\\laravel\\vendor\\laravel\\framework\\src\\Illuminate\\Database\\Connection.php(460): Illuminate\\Database\\Connection->run('insert into `un...', Array, Object(Closure))
#4 D:\\7Cliques\\Projetos\\SoulPetResorts\\laravel\\vendor\\laravel\\framework\\src\\Illuminate\\Database\\Connection.php(412): Illuminate\\Database\\Connection->statement('insert into `un...', Array)
#5 D:\\7Cliques\\Projetos\\SoulPetResorts\\laravel\\vendor\\laravel\\framework\\src\\Illuminate\\Database\\Query\\Processors\\Processor.php(32): Illuminate\\Database\\Connection->insert('insert into `un...', Array)
#6 D:\\7Cliques\\Projetos\\SoulPetResorts\\laravel\\vendor\\laravel\\framework\\src\\Illuminate\\Database\\Query\\Builder.php(2670): Illuminate\\Database\\Query\\Processors\\Processor->processInsertGetId(Object(Illuminate\\Database\\Query\\Builder), 'insert into `un...', Array, 'id')
#7 D:\\7Cliques\\Projetos\\SoulPetResorts\\laravel\\vendor\\laravel\\framework\\src\\Illuminate\\Database\\Eloquent\\Builder.php(1350): Illuminate\\Database\\Query\\Builder->insertGetId(Array, 'id')
#8 D:\\7Cliques\\Projetos\\SoulPetResorts\\laravel\\vendor\\laravel\\framework\\src\\Illuminate\\Database\\Eloquent\\Model.php(839): Illuminate\\Database\\Eloquent\\Builder->__call('insertGetId', Array)
#9 D:\\7Cliques\\Projetos\\SoulPetResorts\\laravel\\vendor\\laravel\\framework\\src\\Illuminate\\Database\\Eloquent\\Model.php(804): Illuminate\\Database\\Eloquent\\Model->insertAndSetId(Object(Illuminate\\Database\\Eloquent\\Builder), Array)
#10 D:\\7Cliques\\Projetos\\SoulPetResorts\\laravel\\vendor\\laravel\\framework\\src\\Illuminate\\Database\\Eloquent\\Model.php(667): Illuminate\\Database\\Eloquent\\Model->performInsert(Object(Illuminate\\Database\\Eloquent\\Builder))
#11 D:\\7Cliques\\Projetos\\SoulPetResorts\\laravel\\vendor\\laravel\\framework\\src\\Illuminate\\Database\\Eloquent\\Builder.php(749): Illuminate\\Database\\Eloquent\\Model->save()
#12 D:\\7Cliques\\Projetos\\SoulPetResorts\\laravel\\vendor\\laravel\\framework\\src\\Illuminate\\Support\\helpers.php(422): Illuminate\\Database\\Eloquent\\Builder->Illuminate\\Database\\Eloquent\\{closure}(Object(App\\Models\\UnityCategory))
#13 D:\\7Cliques\\Projetos\\SoulPetResorts\\laravel\\vendor\\laravel\\framework\\src\\Illuminate\\Database\\Eloquent\\Builder.php(750): tap(Object(App\\Models\\UnityCategory), Object(Closure))
#14 D:\\7Cliques\\Projetos\\SoulPetResorts\\laravel\\vendor\\laravel\\framework\\src\\Illuminate\\Support\\Traits\\ForwardsCalls.php(23): Illuminate\\Database\\Eloquent\\Builder->create(Array)
#15 D:\\7Cliques\\Projetos\\SoulPetResorts\\laravel\\vendor\\laravel\\framework\\src\\Illuminate\\Database\\Eloquent\\Model.php(1618): Illuminate\\Database\\Eloquent\\Model->forwardCallTo(Object(Illuminate\\Database\\Eloquent\\Builder), 'create', Array)
#16 D:\\7Cliques\\Projetos\\SoulPetResorts\\laravel\\vendor\\laravel\\framework\\src\\Illuminate\\Database\\Eloquent\\Model.php(1630): Illuminate\\Database\\Eloquent\\Model->__call('create', Array)
#17 D:\\7Cliques\\Projetos\\SoulPetResorts\\laravel\\database\\seeds\\Unity\\UnityCategoryTableSeeder.php(16): Illuminate\\Database\\Eloquent\\Model::__callStatic('create', Array)
#18 [internal function]: UnityCategoryTableSeeder->run()
#19 D:\\7Cliques\\Projetos\\SoulPetResorts\\laravel\\vendor\\laravel\\framework\\src\\Illuminate\\Container\\BoundMethod.php(32): call_user_func_array(Array, Array)
#20 D:\\7Cliques\\Projetos\\SoulPetResorts\\laravel\\vendor\\laravel\\framework\\src\\Illuminate\\Container\\Util.php(34): Illuminate\\Container\\BoundMethod::Illuminate\\Container\\{closure}()
#21 D:\\7Cliques\\Projetos\\SoulPetResorts\\laravel\\vendor\\laravel\\framework\\src\\Illuminate\\Container\\BoundMethod.php(90): Illuminate\\Container\\Util::unwrapIfClosure(Object(Closure))
#22 D:\\7Cliques\\Projetos\\SoulPetResorts\\laravel\\vendor\\laravel\\framework\\src\\Illuminate\\Container\\BoundMethod.php(34): Illuminate\\Container\\BoundMethod::callBoundMethod(Object(Illuminate\\Foundation\\Application), Array, Object(Closure))
#23 D:\\7Cliques\\Projetos\\SoulPetResorts\\laravel\\vendor\\laravel\\framework\\src\\Illuminate\\Container\\Container.php(590): Illuminate\\Container\\BoundMethod::call(Object(Illuminate\\Foundation\\Application), Array, Array, NULL)
#24 D:\\7Cliques\\Projetos\\SoulPetResorts\\laravel\\vendor\\laravel\\framework\\src\\Illuminate\\Database\\Seeder.php(134): Illuminate\\Container\\Container->call(Array)
#25 D:\\7Cliques\\Projetos\\SoulPetResorts\\laravel\\vendor\\laravel\\framework\\src\\Illuminate\\Database\\Seeder.php(48): Illuminate\\Database\\Seeder->__invoke()
#26 D:\\7Cliques\\Projetos\\SoulPetResorts\\laravel\\database\\seeds\\DatabaseSeeder.php(16): Illuminate\\Database\\Seeder->call('UnityCategoryTa...')
#27 [internal function]: DatabaseSeeder->run()
#28 D:\\7Cliques\\Projetos\\SoulPetResorts\\laravel\\vendor\\laravel\\framework\\src\\Illuminate\\Container\\BoundMethod.php(32): call_user_func_array(Array, Array)
#29 D:\\7Cliques\\Projetos\\SoulPetResorts\\laravel\\vendor\\laravel\\framework\\src\\Illuminate\\Container\\Util.php(34): Illuminate\\Container\\BoundMethod::Illuminate\\Container\\{closure}()
#30 D:\\7Cliques\\Projetos\\SoulPetResorts\\laravel\\vendor\\laravel\\framework\\src\\Illuminate\\Container\\BoundMethod.php(90): Illuminate\\Container\\Util::unwrapIfClosure(Object(Closure))
#31 D:\\7Cliques\\Projetos\\SoulPetResorts\\laravel\\vendor\\laravel\\framework\\src\\Illuminate\\Container\\BoundMethod.php(34): Illuminate\\Container\\BoundMethod::callBoundMethod(Object(Illuminate\\Foundation\\Application), Array, Object(Closure))
#32 D:\\7Cliques\\Projetos\\SoulPetResorts\\laravel\\vendor\\laravel\\framework\\src\\Illuminate\\Container\\Container.php(590): Illuminate\\Container\\BoundMethod::call(Object(Illuminate\\Foundation\\Application), Array, Array, NULL)
#33 D:\\7Cliques\\Projetos\\SoulPetResorts\\laravel\\vendor\\laravel\\framework\\src\\Illuminate\\Database\\Seeder.php(134): Illuminate\\Container\\Container->call(Array)
#34 D:\\7Cliques\\Projetos\\SoulPetResorts\\laravel\\vendor\\laravel\\framework\\src\\Illuminate\\Database\\Console\\Seeds\\SeedCommand.php(63): Illuminate\\Database\\Seeder->__invoke()
#35 D:\\7Cliques\\Projetos\\SoulPetResorts\\laravel\\vendor\\laravel\\framework\\src\\Illuminate\\Database\\Eloquent\\Concerns\\GuardsAttributes.php(122): Illuminate\\Database\\Console\\Seeds\\SeedCommand->Illuminate\\Database\\Console\\Seeds\\{closure}()
#36 D:\\7Cliques\\Projetos\\SoulPetResorts\\laravel\\vendor\\laravel\\framework\\src\\Illuminate\\Database\\Console\\Seeds\\SeedCommand.php(64): Illuminate\\Database\\Eloquent\\Model::unguarded(Object(Closure))
#37 [internal function]: Illuminate\\Database\\Console\\Seeds\\SeedCommand->handle()
#38 D:\\7Cliques\\Projetos\\SoulPetResorts\\laravel\\vendor\\laravel\\framework\\src\\Illuminate\\Container\\BoundMethod.php(32): call_user_func_array(Array, Array)
#39 D:\\7Cliques\\Projetos\\SoulPetResorts\\laravel\\vendor\\laravel\\framework\\src\\Illuminate\\Container\\Util.php(34): Illuminate\\Container\\BoundMethod::Illuminate\\Container\\{closure}()
#40 D:\\7Cliques\\Projetos\\SoulPetResorts\\laravel\\vendor\\laravel\\framework\\src\\Illuminate\\Container\\BoundMethod.php(90): Illuminate\\Container\\Util::unwrapIfClosure(Object(Closure))
#41 D:\\7Cliques\\Projetos\\SoulPetResorts\\laravel\\vendor\\laravel\\framework\\src\\Illuminate\\Container\\BoundMethod.php(34): Illuminate\\Container\\BoundMethod::callBoundMethod(Object(Illuminate\\Foundation\\Application), Array, Object(Closure))
#42 D:\\7Cliques\\Projetos\\SoulPetResorts\\laravel\\vendor\\laravel\\framework\\src\\Illuminate\\Container\\Container.php(590): Illuminate\\Container\\BoundMethod::call(Object(Illuminate\\Foundation\\Application), Array, Array, NULL)
#43 D:\\7Cliques\\Projetos\\SoulPetResorts\\laravel\\vendor\\laravel\\framework\\src\\Illuminate\\Console\\Command.php(202): Illuminate\\Container\\Container->call(Array)
#44 D:\\7Cliques\\Projetos\\SoulPetResorts\\laravel\\vendor\\symfony\\console\\Command\\Command.php(255): Illuminate\\Console\\Command->execute(Object(Symfony\\Component\\Console\\Input\\ArrayInput), Object(Illuminate\\Console\\OutputStyle))
#45 D:\\7Cliques\\Projetos\\SoulPetResorts\\laravel\\vendor\\laravel\\framework\\src\\Illuminate\\Console\\Command.php(189): Symfony\\Component\\Console\\Command\\Command->run(Object(Symfony\\Component\\Console\\Input\\ArrayInput), Object(Illuminate\\Console\\OutputStyle))
#46 D:\\7Cliques\\Projetos\\SoulPetResorts\\laravel\\vendor\\laravel\\framework\\src\\Illuminate\\Console\\Command.php(242): Illuminate\\Console\\Command->run(Object(Symfony\\Component\\Console\\Input\\ArrayInput), Object(Illuminate\\Console\\OutputStyle))
#47 D:\\7Cliques\\Projetos\\SoulPetResorts\\laravel\\vendor\\laravel\\framework\\src\\Illuminate\\Console\\Command.php(214): Illuminate\\Console\\Command->runCommand('db:seed', Array, Object(Illuminate\\Console\\OutputStyle))
#48 D:\\7Cliques\\Projetos\\SoulPetResorts\\laravel\\vendor\\laravel\\framework\\src\\Illuminate\\Database\\Console\\Migrations\\MigrateCommand.php(78): Illuminate\\Console\\Command->call('db:seed', Array)
#49 [internal function]: Illuminate\\Database\\Console\\Migrations\\MigrateCommand->handle()
#50 D:\\7Cliques\\Projetos\\SoulPetResorts\\laravel\\vendor\\laravel\\framework\\src\\Illuminate\\Container\\BoundMethod.php(32): call_user_func_array(Array, Array)
#51 D:\\7Cliques\\Projetos\\SoulPetResorts\\laravel\\vendor\\laravel\\framework\\src\\Illuminate\\Container\\Util.php(34): Illuminate\\Container\\BoundMethod::Illuminate\\Container\\{closure}()
#52 D:\\7Cliques\\Projetos\\SoulPetResorts\\laravel\\vendor\\laravel\\framework\\src\\Illuminate\\Container\\BoundMethod.php(90): Illuminate\\Container\\Util::unwrapIfClosure(Object(Closure))
#53 D:\\7Cliques\\Projetos\\SoulPetResorts\\laravel\\vendor\\laravel\\framework\\src\\Illuminate\\Container\\BoundMethod.php(34): Illuminate\\Container\\BoundMethod::callBoundMethod(Object(Illuminate\\Foundation\\Application), Array, Object(Closure))
#54 D:\\7Cliques\\Projetos\\SoulPetResorts\\laravel\\vendor\\laravel\\framework\\src\\Illuminate\\Container\\Container.php(590): Illuminate\\Container\\BoundMethod::call(Object(Illuminate\\Foundation\\Application), Array, Array, NULL)
#55 D:\\7Cliques\\Projetos\\SoulPetResorts\\laravel\\vendor\\laravel\\framework\\src\\Illuminate\\Console\\Command.php(202): Illuminate\\Container\\Container->call(Array)
#56 D:\\7Cliques\\Projetos\\SoulPetResorts\\laravel\\vendor\\symfony\\console\\Command\\Command.php(255): Illuminate\\Console\\Command->execute(Object(Symfony\\Component\\Console\\Input\\ArgvInput), Object(Illuminate\\Console\\OutputStyle))
#57 D:\\7Cliques\\Projetos\\SoulPetResorts\\laravel\\vendor\\laravel\\framework\\src\\Illuminate\\Console\\Command.php(189): Symfony\\Component\\Console\\Command\\Command->run(Object(Symfony\\Component\\Console\\Input\\ArgvInput), Object(Illuminate\\Console\\OutputStyle))
#58 D:\\7Cliques\\Projetos\\SoulPetResorts\\laravel\\vendor\\symfony\\console\\Application.php(934): Illuminate\\Console\\Command->run(Object(Symfony\\Component\\Console\\Input\\ArgvInput), Object(Symfony\\Component\\Console\\Output\\ConsoleOutput))
#59 D:\\7Cliques\\Projetos\\SoulPetResorts\\laravel\\vendor\\symfony\\console\\Application.php(273): Symfony\\Component\\Console\\Application->doRunCommand(Object(Illuminate\\Database\\Console\\Migrations\\MigrateCommand), Object(Symfony\\Component\\Console\\Input\\ArgvInput), Object(Symfony\\Component\\Console\\Output\\ConsoleOutput))
#60 D:\\7Cliques\\Projetos\\SoulPetResorts\\laravel\\vendor\\symfony\\console\\Application.php(149): Symfony\\Component\\Console\\Application->doRun(Object(Symfony\\Component\\Console\\Input\\ArgvInput), Object(Symfony\\Component\\Console\\Output\\ConsoleOutput))
#61 D:\\7Cliques\\Projetos\\SoulPetResorts\\laravel\\vendor\\laravel\\framework\\src\\Illuminate\\Console\\Application.php(90): Symfony\\Component\\Console\\Application->run(Object(Symfony\\Component\\Console\\Input\\ArgvInput), Object(Symfony\\Component\\Console\\Output\\ConsoleOutput))
#62 D:\\7Cliques\\Projetos\\SoulPetResorts\\laravel\\vendor\\laravel\\framework\\src\\Illuminate\\Foundation\\Console\\Kernel.php(131): Illuminate\\Console\\Application->run(Object(Symfony\\Component\\Console\\Input\\ArgvInput), Object(Symfony\\Component\\Console\\Output\\ConsoleOutput))
#63 D:\\7Cliques\\Projetos\\SoulPetResorts\\laravel\\artisan(37): Illuminate\\Foundation\\Console\\Kernel->handle(Object(Symfony\\Component\\Console\\Input\\ArgvInput), Object(Symfony\\Component\\Console\\Output\\ConsoleOutput))
#64 {main}
"} 
[2020-01-23 19:01:11] local.ERROR: Class 'UnityCategoryService' not found {"exception":"[object] (Symfony\\Component\\Debug\\Exception\\FatalThrowableError(code: 0): Class 'UnityCategoryService' not found at D:\\7Cliques\\Projetos\\SoulPetResorts\\laravel\\database\\seeds\\Unity\\UnityCategoryTableSeeder.php:21)
[stacktrace]
#0 [internal function]: UnityCategoryTableSeeder->run()
#1 D:\\7Cliques\\Projetos\\SoulPetResorts\\laravel\\vendor\\laravel\\framework\\src\\Illuminate\\Container\\BoundMethod.php(32): call_user_func_array(Array, Array)
#2 D:\\7Cliques\\Projetos\\SoulPetResorts\\laravel\\vendor\\laravel\\framework\\src\\Illuminate\\Container\\Util.php(34): Illuminate\\Container\\BoundMethod::Illuminate\\Container\\{closure}()
#3 D:\\7Cliques\\Projetos\\SoulPetResorts\\laravel\\vendor\\laravel\\framework\\src\\Illuminate\\Container\\BoundMethod.php(90): Illuminate\\Container\\Util::unwrapIfClosure(Object(Closure))
#4 D:\\7Cliques\\Projetos\\SoulPetResorts\\laravel\\vendor\\laravel\\framework\\src\\Illuminate\\Container\\BoundMethod.php(34): Illuminate\\Container\\BoundMethod::callBoundMethod(Object(Illuminate\\Foundation\\Application), Array, Object(Closure))
#5 D:\\7Cliques\\Projetos\\SoulPetResorts\\laravel\\vendor\\laravel\\framework\\src\\Illuminate\\Container\\Container.php(590): Illuminate\\Container\\BoundMethod::call(Object(Illuminate\\Foundation\\Application), Array, Array, NULL)
#6 D:\\7Cliques\\Projetos\\SoulPetResorts\\laravel\\vendor\\laravel\\framework\\src\\Illuminate\\Database\\Seeder.php(134): Illuminate\\Container\\Container->call(Array)
#7 D:\\7Cliques\\Projetos\\SoulPetResorts\\laravel\\vendor\\laravel\\framework\\src\\Illuminate\\Database\\Seeder.php(48): Illuminate\\Database\\Seeder->__invoke()
#8 D:\\7Cliques\\Projetos\\SoulPetResorts\\laravel\\database\\seeds\\DatabaseSeeder.php(16): Illuminate\\Database\\Seeder->call('UnityCategoryTa...')
#9 [internal function]: DatabaseSeeder->run()
#10 D:\\7Cliques\\Projetos\\SoulPetResorts\\laravel\\vendor\\laravel\\framework\\src\\Illuminate\\Container\\BoundMethod.php(32): call_user_func_array(Array, Array)
#11 D:\\7Cliques\\Projetos\\SoulPetResorts\\laravel\\vendor\\laravel\\framework\\src\\Illuminate\\Container\\Util.php(34): Illuminate\\Container\\BoundMethod::Illuminate\\Container\\{closure}()
#12 D:\\7Cliques\\Projetos\\SoulPetResorts\\laravel\\vendor\\laravel\\framework\\src\\Illuminate\\Container\\BoundMethod.php(90): Illuminate\\Container\\Util::unwrapIfClosure(Object(Closure))
#13 D:\\7Cliques\\Projetos\\SoulPetResorts\\laravel\\vendor\\laravel\\framework\\src\\Illuminate\\Container\\BoundMethod.php(34): Illuminate\\Container\\BoundMethod::callBoundMethod(Object(Illuminate\\Foundation\\Application), Array, Object(Closure))
#14 D:\\7Cliques\\Projetos\\SoulPetResorts\\laravel\\vendor\\laravel\\framework\\src\\Illuminate\\Container\\Container.php(590): Illuminate\\Container\\BoundMethod::call(Object(Illuminate\\Foundation\\Application), Array, Array, NULL)
#15 D:\\7Cliques\\Projetos\\SoulPetResorts\\laravel\\vendor\\laravel\\framework\\src\\Illuminate\\Database\\Seeder.php(134): Illuminate\\Container\\Container->call(Array)
#16 D:\\7Cliques\\Projetos\\SoulPetResorts\\laravel\\vendor\\laravel\\framework\\src\\Illuminate\\Database\\Console\\Seeds\\SeedCommand.php(63): Illuminate\\Database\\Seeder->__invoke()
#17 D:\\7Cliques\\Projetos\\SoulPetResorts\\laravel\\vendor\\laravel\\framework\\src\\Illuminate\\Database\\Eloquent\\Concerns\\GuardsAttributes.php(122): Illuminate\\Database\\Console\\Seeds\\SeedCommand->Illuminate\\Database\\Console\\Seeds\\{closure}()
#18 D:\\7Cliques\\Projetos\\SoulPetResorts\\laravel\\vendor\\laravel\\framework\\src\\Illuminate\\Database\\Console\\Seeds\\SeedCommand.php(64): Illuminate\\Database\\Eloquent\\Model::unguarded(Object(Closure))
#19 [internal function]: Illuminate\\Database\\Console\\Seeds\\SeedCommand->handle()
#20 D:\\7Cliques\\Projetos\\SoulPetResorts\\laravel\\vendor\\laravel\\framework\\src\\Illuminate\\Container\\BoundMethod.php(32): call_user_func_array(Array, Array)
#21 D:\\7Cliques\\Projetos\\SoulPetResorts\\laravel\\vendor\\laravel\\framework\\src\\Illuminate\\Container\\Util.php(34): Illuminate\\Container\\BoundMethod::Illuminate\\Container\\{closure}()
#22 D:\\7Cliques\\Projetos\\SoulPetResorts\\laravel\\vendor\\laravel\\framework\\src\\Illuminate\\Container\\BoundMethod.php(90): Illuminate\\Container\\Util::unwrapIfClosure(Object(Closure))
#23 D:\\7Cliques\\Projetos\\SoulPetResorts\\laravel\\vendor\\laravel\\framework\\src\\Illuminate\\Container\\BoundMethod.php(34): Illuminate\\Container\\BoundMethod::callBoundMethod(Object(Illuminate\\Foundation\\Application), Array, Object(Closure))
#24 D:\\7Cliques\\Projetos\\SoulPetResorts\\laravel\\vendor\\laravel\\framework\\src\\Illuminate\\Container\\Container.php(590): Illuminate\\Container\\BoundMethod::call(Object(Illuminate\\Foundation\\Application), Array, Array, NULL)
#25 D:\\7Cliques\\Projetos\\SoulPetResorts\\laravel\\vendor\\laravel\\framework\\src\\Illuminate\\Console\\Command.php(202): Illuminate\\Container\\Container->call(Array)
#26 D:\\7Cliques\\Projetos\\SoulPetResorts\\laravel\\vendor\\symfony\\console\\Command\\Command.php(255): Illuminate\\Console\\Command->execute(Object(Symfony\\Component\\Console\\Input\\ArrayInput), Object(Illuminate\\Console\\OutputStyle))
#27 D:\\7Cliques\\Projetos\\SoulPetResorts\\laravel\\vendor\\laravel\\framework\\src\\Illuminate\\Console\\Command.php(189): Symfony\\Component\\Console\\Command\\Command->run(Object(Symfony\\Component\\Console\\Input\\ArrayInput), Object(Illuminate\\Console\\OutputStyle))
#28 D:\\7Cliques\\Projetos\\SoulPetResorts\\laravel\\vendor\\laravel\\framework\\src\\Illuminate\\Console\\Command.php(242): Illuminate\\Console\\Command->run(Object(Symfony\\Component\\Console\\Input\\ArrayInput), Object(Illuminate\\Console\\OutputStyle))
#29 D:\\7Cliques\\Projetos\\SoulPetResorts\\laravel\\vendor\\laravel\\framework\\src\\Illuminate\\Console\\Command.php(214): Illuminate\\Console\\Command->runCommand('db:seed', Array, Object(Illuminate\\Console\\OutputStyle))
#30 D:\\7Cliques\\Projetos\\SoulPetResorts\\laravel\\vendor\\laravel\\framework\\src\\Illuminate\\Database\\Console\\Migrations\\MigrateCommand.php(78): Illuminate\\Console\\Command->call('db:seed', Array)
#31 [internal function]: Illuminate\\Database\\Console\\Migrations\\MigrateCommand->handle()
#32 D:\\7Cliques\\Projetos\\SoulPetResorts\\laravel\\vendor\\laravel\\framework\\src\\Illuminate\\Container\\BoundMethod.php(32): call_user_func_array(Array, Array)
#33 D:\\7Cliques\\Projetos\\SoulPetResorts\\laravel\\vendor\\laravel\\framework\\src\\Illuminate\\Container\\Util.php(34): Illuminate\\Container\\BoundMethod::Illuminate\\Container\\{closure}()
#34 D:\\7Cliques\\Projetos\\SoulPetResorts\\laravel\\vendor\\laravel\\framework\\src\\Illuminate\\Container\\BoundMethod.php(90): Illuminate\\Container\\Util::unwrapIfClosure(Object(Closure))
#35 D:\\7Cliques\\Projetos\\SoulPetResorts\\laravel\\vendor\\laravel\\framework\\src\\Illuminate\\Container\\BoundMethod.php(34): Illuminate\\Container\\BoundMethod::callBoundMethod(Object(Illuminate\\Foundation\\Application), Array, Object(Closure))
#36 D:\\7Cliques\\Projetos\\SoulPetResorts\\laravel\\vendor\\laravel\\framework\\src\\Illuminate\\Container\\Container.php(590): Illuminate\\Container\\BoundMethod::call(Object(Illuminate\\Foundation\\Application), Array, Array, NULL)
#37 D:\\7Cliques\\Projetos\\SoulPetResorts\\laravel\\vendor\\laravel\\framework\\src\\Illuminate\\Console\\Command.php(202): Illuminate\\Container\\Container->call(Array)
#38 D:\\7Cliques\\Projetos\\SoulPetResorts\\laravel\\vendor\\symfony\\console\\Command\\Command.php(255): Illuminate\\Console\\Command->execute(Object(Symfony\\Component\\Console\\Input\\ArgvInput), Object(Illuminate\\Console\\OutputStyle))
#39 D:\\7Cliques\\Projetos\\SoulPetResorts\\laravel\\vendor\\laravel\\framework\\src\\Illuminate\\Console\\Command.php(189): Symfony\\Component\\Console\\Command\\Command->run(Object(Symfony\\Component\\Console\\Input\\ArgvInput), Object(Illuminate\\Console\\OutputStyle))
#40 D:\\7Cliques\\Projetos\\SoulPetResorts\\laravel\\vendor\\symfony\\console\\Application.php(934): Illuminate\\Console\\Command->run(Object(Symfony\\Component\\Console\\Input\\ArgvInput), Object(Symfony\\Component\\Console\\Output\\ConsoleOutput))
#41 D:\\7Cliques\\Projetos\\SoulPetResorts\\laravel\\vendor\\symfony\\console\\Application.php(273): Symfony\\Component\\Console\\Application->doRunCommand(Object(Illuminate\\Database\\Console\\Migrations\\MigrateCommand), Object(Symfony\\Component\\Console\\Input\\ArgvInput), Object(Symfony\\Component\\Console\\Output\\ConsoleOutput))
#42 D:\\7Cliques\\Projetos\\SoulPetResorts\\laravel\\vendor\\symfony\\console\\Application.php(149): Symfony\\Component\\Console\\Application->doRun(Object(Symfony\\Component\\Console\\Input\\ArgvInput), Object(Symfony\\Component\\Console\\Output\\ConsoleOutput))
#43 D:\\7Cliques\\Projetos\\SoulPetResorts\\laravel\\vendor\\laravel\\framework\\src\\Illuminate\\Console\\Application.php(90): Symfony\\Component\\Console\\Application->run(Object(Symfony\\Component\\Console\\Input\\ArgvInput), Object(Symfony\\Component\\Console\\Output\\ConsoleOutput))
#44 D:\\7Cliques\\Projetos\\SoulPetResorts\\laravel\\vendor\\laravel\\framework\\src\\Illuminate\\Foundation\\Console\\Kernel.php(131): Illuminate\\Console\\Application->run(Object(Symfony\\Component\\Console\\Input\\ArgvInput), Object(Symfony\\Component\\Console\\Output\\ConsoleOutput))
#45 D:\\7Cliques\\Projetos\\SoulPetResorts\\laravel\\artisan(37): Illuminate\\Foundation\\Console\\Kernel->handle(Object(Symfony\\Component\\Console\\Input\\ArgvInput), Object(Symfony\\Component\\Console\\Output\\ConsoleOutput))
#46 {main}
"} 
